<?xml version="1.0" encoding="UTF-8" ?>
<testsuite errors="1" failures="0" hostname="Macros" name="test.MyMathTest" skipped="0" tests="1" time="0.0" timestamp="2015-01-11T23:25:51">
  <properties>
    <property name="java.vendor" value="Oracle Corporation" />
    <property name="sun.java.launcher" value="SUN_STANDARD" />
    <property name="eclipse.pdebuild.templates" value="/C:/oracle/java/eclipse-jee-luna/plugins/org.eclipse.pde.build_3.9.0.v20140415-2029/templates/" />
    <property name="sun.management.compiler" value="HotSpot 64-Bit Tiered Compilers" />
    <property name="docs.dir" value="C:\Users\Odyssey\workspace_luna\AntBuildPrj\docs" />
    <property name="os.name" value="Windows 7" />
    <property name="sun.boot.class.path" value="C:\oracle\java\jdk7\jre\lib\resources.jar;C:\oracle\java\jdk7\jre\lib\rt.jar;C:\oracle\java\jdk7\jre\lib\sunrsasign.jar;C:\oracle\java\jdk7\jre\lib\jsse.jar;C:\oracle\java\jdk7\jre\lib\jce.jar;C:\oracle\java\jdk7\jre\lib\charsets.jar;C:\oracle\java\jdk7\jre\lib\jfr.jar;C:\oracle\java\jdk7\jre\classes" />
    <property name="user.country.format" value="UA" />
    <property name="sun.desktop" value="windows" />
    <property name="java.vm.specification.vendor" value="Oracle Corporation" />
    <property name="ant.home" value="C:\Program Files\apache-ant" />
    <property name="java.runtime.version" value="1.7.0_71-b14" />
    <property name="user.name" value="Odyssey" />
    <property name="user.language.format" value="uk" />
    <property name="build.dir" value="C:\Users\Odyssey\workspace_luna\AntBuildPrj\bin" />
    <property name="user.language" value="ru" />
    <property name="test.report.dir" value="C:\Users\Odyssey\workspace_luna\AntBuildPrj\testreport" />
    <property name="sun.boot.library.path" value="C:\oracle\java\jdk7\jre\bin" />
    <property name="ant.file.type.Ant-Test" value="file" />
    <property name="ant.project.default-target" value="main" />
    <property name="ant.project.name" value="Ant-Test" />
    <property name="java.version" value="1.7.0_71" />
    <property name="user.timezone" value="" />
    <property name="sun.arch.data.model" value="64" />
    <property name="java.endorsed.dirs" value="C:\oracle\java\jdk7\jre\lib\endorsed" />
    <property name="sun.cpu.isalist" value="amd64" />
    <property name="sun.jnu.encoding" value="Cp1251" />
    <property name="file.encoding.pkg" value="sun.io" />
    <property name="file.separator" value="\" />
    <property name="java.specification.name" value="Java Platform API Specification" />
    <property name="java.class.version" value="51.0" />
    <property name="user.country" value="RU" />
    <property name="java.home" value="C:\oracle\java\jdk7\jre" />
    <property name="dist.dir" value="C:\Users\Odyssey\workspace_luna\AntBuildPrj\dist" />
    <property name="java.vm.info" value="mixed mode" />
    <property name="ant.file" value="C:\Users\Odyssey\workspace_luna\AntBuildPrj\build.xml" />
    <property name="os.version" value="6.1" />
    <property name="path.separator" value=";" />
    <property name="java.vm.version" value="24.71-b01" />
    <property name="user.variant" value="" />
    <property name="ant.library.dir" value="C:\Program Files\apache-ant\lib" />
    <property name="java.awt.printerjob" value="sun.awt.windows.WPrinterJob" />
    <property name="sun.io.unicode.encoding" value="UnicodeLittle" />
    <property name="awt.toolkit" value="sun.awt.windows.WToolkit" />
    <property name="user.script" value="" />
    <property name="eclipse.pdebuild.scripts" value="/C:/oracle/java/eclipse-jee-luna/plugins/org.eclipse.pde.build_3.9.0.v20140415-2029/scripts/" />
    <property name="user.home" value="C:\Users\Odyssey" />
    <property name="java.specification.vendor" value="Oracle Corporation" />
    <property name="test.dir" value="C:\Users\Odyssey\workspace_luna\AntBuildPrj\src" />
    <property name="java.library.path" value="C:\oracle\java\jdk7\jre\bin;C:\Windows\Sun\Java\bin;C:\Windows\system32;C:\Windows;C:\Program Files (x86)\Git\git-cheetah\..\bin;C:\Program Files (x86)\NVIDIA Corporation\PhysX\Common;C:\Program Files (x86)\Caminova\Document Express DjVu Plug-in\;C:\oracle\product\11.2.0\client_1\bin;C:\Windows\system32;C:\Windows;C:\Windows\System32\Wbem;C:\Windows\System32\WindowsPowerShell\v1.0\;C:\Program Files\apache-maven\bin;C:\Program Files\Microsoft\Web Platform Installer\;C:\Program Files (x86)\Microsoft ASP.NET\ASP.NET Web Pages\v1.0\;C:\Program Files\Microsoft SQL Server\110\Tools\Binn\;c:\Program Files (x86)\Microsoft SQL Server\90\Tools\binn\;C:\Program Files\Groovy\bin;C:\Program Files\apache-ant\bin;C:\oracle\java\jdk7\bin;." />
    <property name="java.vendor.url" value="http://java.oracle.com/" />
    <property name="ant.file.Ant-Test" value="C:\Users\Odyssey\workspace_luna\AntBuildPrj\build.xml" />
    <property name="java.vm.vendor" value="Oracle Corporation" />
    <property name="java.runtime.name" value="Java(TM) SE Runtime Environment" />
    <property name="sun.java.command" value="org.apache.tools.ant.taskdefs.optional.junit.JUnitTestRunner test.MyMathTest skipNonTests=false filtertrace=true haltOnError=false haltOnFailure=true formatter=org.apache.tools.ant.taskdefs.optional.junit.SummaryJUnitResultFormatter showoutput=false outputtoformatters=true logfailedtests=true threadid=0 logtestlistenerevents=false formatter=org.apache.tools.ant.taskdefs.optional.junit.XMLJUnitResultFormatter,C:\Users\Odyssey\workspace_luna\AntBuildPrj\testreport\TEST-test.MyMathTest.xml crashfile=C:\Users\Odyssey\workspace_luna\AntBuildPrj\junitvmwatcher6456231890488126198.properties propsfile=C:\Users\Odyssey\workspace_luna\AntBuildPrj\junit5999302912693770081.properties" />
    <property name="java.class.path" value="C:\Users\Odyssey\workspace_luna\AntBuildPrj;C:\Program Files\Java\eclipse\plugins\org.junit_4.11.0.v201303080030\junit.jar;C:\Program Files\apache-ant\lib\ant-launcher.jar;C:\Program Files\apache-ant\lib\ant.jar;C:\Program Files\apache-ant\lib\ant-junit.jar;C:\Program Files\apache-ant\lib\ant-junit4.jar" />
    <property name="ant.version" value="Apache Ant(TM) version 1.9.4 compiled on April 29 2014" />
    <property name="java.vm.specification.name" value="Java Virtual Machine Specification" />
    <property name="java.vm.specification.version" value="1.7" />
    <property name="sun.cpu.endian" value="little" />
    <property name="sun.os.patch.level" value="Service Pack 1" />
    <property name="eclipse.pdebuild.home" value="/C:/oracle/java/eclipse-jee-luna/plugins/org.eclipse.pde.build_3.9.0.v20140415-2029/./" />
    <property name="java.io.tmpdir" value="C:\Users\Odyssey\AppData\Local\Temp\" />
    <property name="java.vendor.url.bug" value="http://bugreport.sun.com/bugreport/" />
    <property name="os.arch" value="amd64" />
    <property name="java.awt.graphicsenv" value="sun.awt.Win32GraphicsEnvironment" />
    <property name="java.ext.dirs" value="C:\oracle\java\jdk7\jre\lib\ext;C:\Windows\Sun\Java\lib\ext" />
    <property name="user.dir" value="C:\Users\Odyssey\workspace_luna\AntBuildPrj" />
    <property name="line.separator" value="&#xd;&#xa;" />
    <property name="java.vm.name" value="Java HotSpot(TM) 64-Bit Server VM" />
    <property name="basedir" value="C:\Users\Odyssey\workspace_luna\AntBuildPrj" />
    <property name="ant.java.version" value="1.7" />
    <property name="ant.core.lib" value="C:\Program Files\apache-ant\lib\ant.jar" />
    <property name="file.encoding" value="Cp1251" />
    <property name="java.specification.version" value="1.7" />
    <property name="src.dir" value="C:\Users\Odyssey\workspace_luna\AntBuildPrj\src" />
    <property name="ant.project.invoked-targets" value="main" />
  </properties>
  <error message="test.MyMathTest" type="java.lang.ClassNotFoundException">java.lang.ClassNotFoundException: test.MyMathTest
	at java.net.URLClassLoader$1.run(URLClassLoader.java:366)
	at java.net.URLClassLoader$1.run(URLClassLoader.java:355)
	at java.security.AccessController.doPrivileged(Native Method)
	at java.net.URLClassLoader.findClass(URLClassLoader.java:354)
	at java.lang.ClassLoader.loadClass(ClassLoader.java:425)
	at sun.misc.Launcher$AppClassLoader.loadClass(Launcher.java:308)
	at java.lang.ClassLoader.loadClass(ClassLoader.java:358)
	at java.lang.Class.forName0(Native Method)
	at java.lang.Class.forName(Class.java:191)
</error>
  <system-out><![CDATA[]]></system-out>
  <system-err><![CDATA[]]></system-err>
</testsuite>
